0
1
2
4
6
7
8
9
0
1
2
3
4
7
8
9
10
11
12
13
14
5
6
7
8
9
10
11
12
14
15
16
17
18
19
20
21
22
13
14
15
16
17
18
19
22
23
24
26
27
29
20
21
22
23
24
25
26
27
29
30
31
28
30
31
29
30
31
29
30
31
0
1
2
4
5
7
8
9
10
11
12
3
4
5
6
7
8
9
10
11
12
3
4
5
6
7
8
9
10
11
12
13
14
16
17
18
19
21
22
23
24
15
16
18
19
20
21
22
23
24
15
16
18
19
20
21
22
23
24
25
26
17
18
19
20
22
23
24
25
26
17
18
19
20
21
24
25
26
27
28
29
30
31
22
23
24
25
26
27
28
29
30
31
22
23
25
26
28
29
30
31
1
2
4
5
6
8
9
1
2
3
4
5
6
7
8
9
0
1
2
3
4
5
7
8
9
11
12
13
14
15
6
7
8
9
10
11
12
13
14
15
16
17
18
19
21
22
23
24
25
16
17
18
19
20
21
22
23
25
26
27
28
29
30
31
24
25
26
27
28
29
30
31
24
25
26
27
28
29
30
31
2
3
4
5
6
7
9
1
2
3
4
5
6
7
8
9
0
1
2
6
7
8
9
10
11
12
3
4
5
6
8
9
10
11
12
13
14
15
16
7
9
10
11
12
13
14
15
16
17
8
9
10
11
12
14
15
16
17
18
20
22
13
14
15
16
17
18
19
20
21
22
23
26
27
28
29
30
24
27
28
29
30
31
25
26
27
28
29
30
31
25
26
27
28
29
30
31
0
1
2
3
4
5
6
7
8
9
10
11
12
13
14
15
16
17
18
19
10
11
12
13
14
15
16
17
19
20
21
22
24
25
26
27
28
29
30
21
22
23
24
25
26
27
28
29
31
30
31
30
31
0
2
3
5
6
7
8
9
10
2
4
5
6
7
8
9
10
1
2
3
4
5
6
7
8
9
10
11
12
13
14
15
17
18
19
20
11
12
13
14
15
16
17
18
19
20
21
22
23
24
25
26
27
28
30
31
25
26
28
29
30
31
29
30
0
1
2
3
4
5
7
8
9
10
11
12
13
14
15
6
7
8
9
10
11
12
13
14
15
16
17
18
19
20
21
22
23
24
25
17
18
19
20
21
22
23
24
25
26
27
28
29
31
30
31
30
31
0
1
2
3
4
5
6
7
8
9
10
11
12
13
14
15
16
17
18
19
10
11
12
13
14
16
17
18
19
20
21
22
24
25
26
27
28
29
30
31
23
24
25
26
29
30
31
23
24
25
26
28
29
30
31
27
28
30
31
27
28
29
30
31
29
30
31
0
1
2
3
5
6
8
9
10
11
12
13
4
5
7
8
9
10
11
12
13
14
15
6
7
8
9
11
12
13
14
15
16
17
18
19
10
11
12
13
14
15
16
17
18
19
20
21
23
25
26
27
28
29
20
21
22
23
24
25
26
27
28
29
31
30
31
30
31
0
1
2
3
4
5
6
7
9
10
11
12
13
14
15
16
17
8
9
10
11
12
13
14
15
16
17
18
19
20
21
22
23
24
25
26
27
19
20
21
22
23
24
25
26
27
28
29
30
31
31
31
0
1
2
3
4
5
6
7
8
9
0
1
3
4
5
6
7
8
9
10
11
12
14
15
16
17
18
19
20
21
22
13
14
17
18
19
21
22
14
15
16
17
18
19
20
21
22
23
24
25
26
28
30
31
27
29
30
27
28
29
30
31
28
29
31
0
1
2
3
4
6
7
8
9
10
11
13
14
5
6
7
8
9
10
11
12
13
14
15
16
17
18
19
20
21
22
23
24
15
16
17
18
19
20
21
22
23
24
25
26
27
28
29
30
31
0
1
3
4
5
6
7
8
9
0
1
2
4
5
6
8
11
12
3
4
5
7
8
9
10
11
12
3
4
5
6
7
8
9
10
11
12
13
14
16
17
18
19
20
21
22
23
24
15
16
17
19
21
22
23
24
15
16
17
18
19
20
21
23
24
25
26
28
29
31
22
23
24
25
26
28
29
30
31
23
24
25
26
27
28
29
30
31
0
1
2
3
4
